[1006/163355:ERROR:process_info.cc(608)] range at 0xf9f0321e00000000, size 0x157 fully unreadable
[1006/163355:ERROR:process_info.cc(608)] range at 0xf9f0323e00000000, size 0x157 fully unreadable
[1006/163355:ERROR:process_info.cc(608)] range at 0x0, size 0x157 fully unreadable
[1006/163356:WARNING:in_range_cast.h(38)] value 1477367043382 out of range
[1006/163356:WARNING:in_range_cast.h(38)] value 1477367045996 out of range
[1006/163356:WARNING:in_range_cast.h(38)] value 1477367046396 out of range
[1006/163356:WARNING:in_range_cast.h(38)] value 1477367041550 out of range
[1006/163356:WARNING:in_range_cast.h(38)] value 1477367041978 out of range
[1006/164240:ERROR:process_info.cc(608)] range at 0x6d0d32da00000000, size 0x234 fully unreadable
[1006/164240:ERROR:process_info.cc(608)] range at 0x6d0d32fa00000000, size 0x234 fully unreadable
[1006/164240:ERROR:process_info.cc(608)] range at 0x0, size 0x234 fully unreadable
[1006/164241:WARNING:in_range_cast.h(38)] value 2424191129066 out of range
[1006/164241:WARNING:in_range_cast.h(38)] value 2424191131680 out of range
[1006/164241:WARNING:in_range_cast.h(38)] value 2424191132080 out of range
[1006/164241:WARNING:in_range_cast.h(38)] value 2424191127054 out of range
[1006/164241:WARNING:in_range_cast.h(38)] value 2424191127482 out of range
[1010/112110:ERROR:process_info.cc(608)] range at 0x5f72323200000000, size 0x281 fully unreadable
[1010/112110:ERROR:process_info.cc(608)] range at 0x10d5323600000000, size 0x26e fully unreadable
[1010/112110:ERROR:process_info.cc(608)] range at 0x10d5325600000000, size 0x26e fully unreadable
[1010/112110:ERROR:process_info.cc(608)] range at 0x0, size 0x26e fully unreadable
[1010/112110:ERROR:process_info.cc(608)] range at 0x79e8323600000000, size 0x180 fully unreadable
[1010/112110:ERROR:process_info.cc(608)] range at 0x79e8325600000000, size 0x180 fully unreadable
[1010/112110:ERROR:process_info.cc(608)] range at 0x0, size 0x180 fully unreadable
[1010/112110:ERROR:process_info.cc(608)] range at 0xea71317600000000, size 0x1e7 fully unreadable
[1010/112110:ERROR:process_info.cc(608)] range at 0xea71319600000000, size 0x1e7 fully unreadable
[1010/112110:ERROR:process_info.cc(608)] range at 0x0, size 0x1e7 fully unreadable
[1010/112110:ERROR:process_info.cc(608)] range at 0x5f72325200000000, size 0x281 fully unreadable
[1010/112110:ERROR:process_info.cc(608)] range at 0x0, size 0x281 fully unreadable
[1010/112112:WARNING:in_range_cast.h(38)] value 2754675348806 out of range
[1010/112112:WARNING:in_range_cast.h(38)] value 2754675351420 out of range
[1010/112112:WARNING:in_range_cast.h(38)] value 2754675351820 out of range
[1010/112112:WARNING:in_range_cast.h(38)] value 2754675346974 out of range
[1010/112112:WARNING:in_range_cast.h(38)] value 2754675347402 out of range
[1010/112112:WARNING:in_range_cast.h(38)] value 1651312694598 out of range
[1010/112112:WARNING:in_range_cast.h(38)] value 2095582352516 out of range
[1010/112112:WARNING:in_range_cast.h(38)] value 1651312697212 out of range
[1010/112112:WARNING:in_range_cast.h(38)] value 2095582355130 out of range
[1010/112112:WARNING:in_range_cast.h(38)] value 2095582355530 out of range
[1010/112112:WARNING:in_range_cast.h(38)] value 1651312697612 out of range
[1010/112112:WARNING:in_range_cast.h(38)] value 2095582350862 out of range
[1010/112112:WARNING:in_range_cast.h(38)] value 2095582351290 out of range
[1010/112112:WARNING:in_range_cast.h(38)] value 1651312692766 out of range
[1010/112112:WARNING:in_range_cast.h(38)] value 1651312693194 out of range
[1010/112112:WARNING:in_range_cast.h(38)] value 2671752058182 out of range
[1010/112112:WARNING:in_range_cast.h(38)] value 2671752060796 out of range
[1010/112112:WARNING:in_range_cast.h(38)] value 2671752061196 out of range
[1010/112112:WARNING:in_range_cast.h(38)] value 2671752056350 out of range
[1010/112112:WARNING:in_range_cast.h(38)] value 2671752056778 out of range
[1010/113026:ERROR:process_info.cc(608)] range at 0x4f4d32f200000000, size 0x182 fully unreadable
[1010/113026:ERROR:process_info.cc(608)] range at 0x4f4d331200000000, size 0x182 fully unreadable
[1010/113026:ERROR:process_info.cc(608)] range at 0x0, size 0x182 fully unreadable
[1010/113026:ERROR:process_info.cc(608)] range at 0x482532f000000000, size 0x15f fully unreadable
[1010/113026:ERROR:process_info.cc(608)] range at 0x4825331000000000, size 0x15f fully unreadable
[1010/113026:ERROR:process_info.cc(608)] range at 0x0, size 0x15f fully unreadable
[1010/113026:WARNING:in_range_cast.h(38)] value 1508743910906 out of range
[1010/113026:WARNING:in_range_cast.h(38)] value 1508743913520 out of range
[1010/113026:WARNING:in_range_cast.h(38)] value 1508743913920 out of range
[1010/113026:WARNING:in_range_cast.h(38)] value 1508743908894 out of range
[1010/113026:WARNING:in_range_cast.h(38)] value 1508743909322 out of range
[1010/113026:WARNING:in_range_cast.h(38)] value 1659187828218 out of range
[1010/113026:WARNING:in_range_cast.h(38)] value 1659187830832 out of range
[1010/113026:WARNING:in_range_cast.h(38)] value 1659187831232 out of range
[1010/113026:WARNING:in_range_cast.h(38)] value 1659187826206 out of range
[1010/113026:WARNING:in_range_cast.h(38)] value 1659187826634 out of range
[1010/151538:ERROR:process_info.cc(608)] range at 0x862532f200000000, size 0x1c9 fully unreadable
[1010/151538:ERROR:process_info.cc(608)] range at 0x6d4832f200000000, size 0x22e fully unreadable
[1010/151538:ERROR:process_info.cc(608)] range at 0x6d48331200000000, size 0x22e fully unreadable
[1010/151538:ERROR:process_info.cc(608)] range at 0x0, size 0x22e fully unreadable
[1010/151538:ERROR:process_info.cc(608)] range at 0x8625331200000000, size 0x1c9 fully unreadable
[1010/151538:ERROR:process_info.cc(608)] range at 0x0, size 0x1c9 fully unreadable
[1010/151540:WARNING:in_range_cast.h(38)] value 1965050631674 out of range
[1010/151540:WARNING:in_range_cast.h(38)] value 1965050634288 out of range
[1010/151540:WARNING:in_range_cast.h(38)] value 2398425191930 out of range
[1010/151540:WARNING:in_range_cast.h(38)] value 2398425194544 out of range
[1010/151540:WARNING:in_range_cast.h(38)] value 1965050634688 out of range
[1010/151540:WARNING:in_range_cast.h(38)] value 1965050629662 out of range
[1010/151540:WARNING:in_range_cast.h(38)] value 1965050630090 out of range
[1010/151540:WARNING:in_range_cast.h(38)] value 2398425194944 out of range
[1010/151540:WARNING:in_range_cast.h(38)] value 2398425189918 out of range
[1010/151540:WARNING:in_range_cast.h(38)] value 2398425190346 out of range
[1115/104006:ERROR:process_info.cc(608)] range at 0xe4ee347400000000, size 0x1e2 fully unreadable
[1115/104006:ERROR:process_info.cc(608)] range at 0xe4ee349400000000, size 0x1e2 fully unreadable
[1115/104006:ERROR:process_info.cc(608)] range at 0x0, size 0x1e2 fully unreadable
[1115/104006:WARNING:in_range_cast.h(38)] value 2074015045052 out of range
[1115/104006:WARNING:in_range_cast.h(38)] value 2074015047890 out of range
[1115/104006:WARNING:in_range_cast.h(38)] value 2074015048290 out of range
[1115/104006:WARNING:in_range_cast.h(38)] value 2074015043102 out of range
[1115/104007:ERROR:http_transport_win.cc(50)] WinHttpSendRequest: The server name or address could not be resolved  (0x2EE7)
[1115/132244:ERROR:process_info.cc(608)] range at 0xf712348000000000, size 0x281 fully unreadable
[1115/132244:ERROR:process_info.cc(608)] range at 0xf71234a000000000, size 0x281 fully unreadable
[1115/132244:ERROR:process_info.cc(608)] range at 0x0, size 0x281 fully unreadable
[1115/132244:WARNING:in_range_cast.h(38)] value 2757219194300 out of range
[1115/132244:WARNING:in_range_cast.h(38)] value 2757219197138 out of range
[1115/132244:WARNING:in_range_cast.h(38)] value 2757219197538 out of range
[1115/132244:WARNING:in_range_cast.h(38)] value 2757219192350 out of range
[1115/132244:ERROR:http_transport_win.cc(50)] WinHttpSendRequest: The server name or address could not be resolved  (0x2EE7)
[1116/105657:ERROR:process_info.cc(608)] range at 0x640b33c400000000, size 0x241 fully unreadable
[1116/105657:ERROR:process_info.cc(608)] range at 0x119b33c400000000, size 0x1c2 fully unreadable
[1116/105657:ERROR:process_info.cc(608)] range at 0x640b33e400000000, size 0x241 fully unreadable
[1116/105657:ERROR:process_info.cc(608)] range at 0x119b33e400000000, size 0x1c2 fully unreadable
[1116/105657:ERROR:process_info.cc(608)] range at 0x0, size 0x241 fully unreadable
[1116/105657:ERROR:process_info.cc(608)] range at 0x0, size 0x1c2 fully unreadable
[1116/105658:WARNING:in_range_cast.h(38)] value 1933030659334 out of range
[1116/105658:WARNING:in_range_cast.h(38)] value 2479874577670 out of range
[1116/105658:WARNING:in_range_cast.h(38)] value 1933030662172 out of range
[1116/105658:WARNING:in_range_cast.h(38)] value 2479874580508 out of range
[1116/105658:WARNING:in_range_cast.h(38)] value 1933030662572 out of range
[1116/105658:WARNING:in_range_cast.h(38)] value 2479874580908 out of range
[1116/105658:WARNING:in_range_cast.h(38)] value 1933030657566 out of range
[1116/105658:WARNING:in_range_cast.h(38)] value 2479874575902 out of range
[0416/115950.462:ERROR:process_info.cc(625)] range at 0xfffde000, size 0x230 fully unreadable
[0416/115950.727:ERROR:process_info.cc(625)] range at 0xfffdd000, size 0xf84 fully unreadable
[0416/115950.727:ERROR:process_info.cc(625)] range at 0xfffda000, size 0xf84 fully unreadable
[0416/115950.727:ERROR:process_info.cc(625)] range at 0xfffd7000, size 0xf84 fully unreadable
[0416/115950.727:ERROR:process_info.cc(625)] range at 0xfffaf000, size 0xf84 fully unreadable
[0416/115950.727:ERROR:process_info.cc(625)] range at 0xfffac000, size 0xf84 fully unreadable
[0416/115950.727:ERROR:process_info.cc(625)] range at 0xfffa9000, size 0xf84 fully unreadable
[0416/115950.727:ERROR:process_info.cc(625)] range at 0xfffa6000, size 0xf84 fully unreadable
[0416/115950.727:ERROR:process_info.cc(625)] range at 0xfffa3000, size 0xf84 fully unreadable
[0416/115950.727:ERROR:process_info.cc(625)] range at 0xfffa0000, size 0xf84 fully unreadable
[0416/115950.742:ERROR:process_info.cc(625)] range at 0xfff9d000, size 0xf84 fully unreadable
[0416/115950.742:ERROR:process_info.cc(625)] range at 0xfff97000, size 0xf84 fully unreadable
[0416/115950.742:ERROR:process_info.cc(625)] range at 0xfff94000, size 0xf84 fully unreadable
[0416/115950.742:ERROR:process_info.cc(625)] range at 0xfff8b000, size 0xf84 fully unreadable
[0416/115950.742:ERROR:process_info.cc(625)] range at 0xfff82000, size 0xf84 fully unreadable
[0416/115950.742:ERROR:process_info.cc(625)] range at 0xfff7f000, size 0xf84 fully unreadable
[0416/115950.742:ERROR:process_info.cc(625)] range at 0xde38d000, size 0x3000 fully unreadable
[0416/115950.742:ERROR:process_info.cc(625)] range at 0xfff85000, size 0xf84 fully unreadable
[0416/115950.742:ERROR:process_info.cc(625)] range at 0xd599d000, size 0x3000 fully unreadable
[0416/115950.742:ERROR:process_info.cc(625)] range at 0xfff88000, size 0xf84 fully unreadable
[0416/115950.742:ERROR:process_info.cc(625)] range at 0xd2a9e000, size 0x2000 fully unreadable
[0416/115950.742:ERROR:process_info.cc(625)] range at 0xfff79000, size 0xf84 fully unreadable
[0416/115950.742:ERROR:process_info.cc(625)] range at 0xd5b7d000, size 0x3000 fully unreadable
[0416/115950.742:ERROR:process_info.cc(625)] range at 0xfff7c000, size 0xf84 fully unreadable
[0416/115950.742:ERROR:process_info.cc(625)] range at 0xe14de000, size 0x2000 fully unreadable
[0416/115950.742:ERROR:process_info.cc(625)] range at 0xfff73000, size 0xf84 fully unreadable
[0416/115950.742:ERROR:process_info.cc(625)] range at 0xf6ace000, size 0x2000 fully unreadable
[0416/115950.742:ERROR:process_info.cc(625)] range at 0xfff91000, size 0xf84 fully unreadable
[0416/115950.742:ERROR:process_info.cc(625)] range at 0xc86ae000, size 0x2000 fully unreadable
[0416/115950.742:ERROR:process_info.cc(625)] range at 0xfff76000, size 0xf84 fully unreadable
[0416/115950.742:ERROR:process_info.cc(625)] range at 0xfad6e000, size 0x2000 fully unreadable
[0416/115950.742:ERROR:process_info.cc(625)] range at 0xfff9a000, size 0xf84 fully unreadable
[0416/195626.548:ERROR:exception_snapshot_win.cc(87)] thread ID 4840 not found in process
[0416/195626.548:WARNING:crash_report_exception_handler.cc(60)] ProcessSnapshotWin::Initialize failed
[0426/142728.239:ERROR:process_info.cc(625)] range at 0xfffde000, size 0x230 fully unreadable
[0426/142728.280:ERROR:process_info.cc(625)] range at 0xfffdd000, size 0xf84 fully unreadable
[0426/142728.280:ERROR:process_info.cc(625)] range at 0xfffda000, size 0xf84 fully unreadable
[0426/142728.280:ERROR:process_info.cc(625)] range at 0xfffd7000, size 0xf84 fully unreadable
[0426/142728.280:ERROR:process_info.cc(625)] range at 0xfffaf000, size 0xf84 fully unreadable
[0426/142728.280:ERROR:process_info.cc(625)] range at 0xfffac000, size 0xf84 fully unreadable
[0426/142728.280:ERROR:process_info.cc(625)] range at 0xfffa6000, size 0xf84 fully unreadable
[0426/142728.280:ERROR:process_info.cc(625)] range at 0xfffa3000, size 0xf84 fully unreadable
[0426/142728.280:ERROR:process_info.cc(625)] range at 0xfffa0000, size 0xf84 fully unreadable
[0426/142728.280:ERROR:process_info.cc(625)] range at 0xfffa9000, size 0xf84 fully unreadable
[0426/142728.281:ERROR:process_info.cc(625)] range at 0xfff9a000, size 0xf84 fully unreadable
[0426/142728.281:ERROR:process_info.cc(625)] range at 0xfff97000, size 0xf84 fully unreadable
[0426/142728.281:ERROR:process_info.cc(625)] range at 0xfff94000, size 0xf84 fully unreadable
[0426/142728.281:ERROR:process_info.cc(625)] range at 0xfff91000, size 0xf84 fully unreadable
[0426/142728.281:ERROR:process_info.cc(625)] range at 0xfff8e000, size 0xf84 fully unreadable
[0426/142728.281:ERROR:process_info.cc(625)] range at 0xfff8b000, size 0xf84 fully unreadable
[0426/142728.281:ERROR:process_info.cc(625)] range at 0xfff88000, size 0xf84 fully unreadable
[0426/142728.281:ERROR:process_info.cc(625)] range at 0xfff85000, size 0xf84 fully unreadable
[0426/142728.281:ERROR:process_info.cc(625)] range at 0xfff82000, size 0xf84 fully unreadable
[0426/142728.281:ERROR:process_info.cc(625)] range at 0xfff7f000, size 0xf84 fully unreadable
[0426/142728.281:ERROR:process_info.cc(625)] range at 0xfff7c000, size 0xf84 fully unreadable
[0426/142728.281:ERROR:process_info.cc(625)] range at 0xfff79000, size 0xf84 fully unreadable
[0426/142728.282:ERROR:process_info.cc(625)] range at 0xfff76000, size 0xf84 fully unreadable
[0426/142728.282:ERROR:process_info.cc(625)] range at 0xfff73000, size 0xf84 fully unreadable
[0426/142728.282:ERROR:process_info.cc(625)] range at 0xfff70000, size 0xf84 fully unreadable
[0426/142728.282:ERROR:process_info.cc(625)] range at 0xfff6d000, size 0xf84 fully unreadable
[0426/142728.282:ERROR:process_info.cc(625)] range at 0xfff6a000, size 0xf84 fully unreadable
[0426/142728.282:ERROR:process_info.cc(625)] range at 0xfff67000, size 0xf84 fully unreadable
[0426/142728.282:ERROR:process_info.cc(625)] range at 0xfff64000, size 0xf84 fully unreadable
[0426/142728.282:ERROR:process_info.cc(625)] range at 0xfff61000, size 0xf84 fully unreadable
[0426/142728.282:ERROR:process_info.cc(625)] range at 0xfff5e000, size 0xf84 fully unreadable
[0426/142728.282:ERROR:process_info.cc(625)] range at 0xfff5b000, size 0xf84 fully unreadable
[0426/142728.282:ERROR:process_info.cc(625)] range at 0xfff58000, size 0xf84 fully unreadable
[0426/142728.283:ERROR:process_info.cc(625)] range at 0xfff55000, size 0xf84 fully unreadable
[0426/142728.283:ERROR:process_info.cc(625)] range at 0xfff52000, size 0xf84 fully unreadable
[0426/142728.283:ERROR:process_info.cc(625)] range at 0xfff4f000, size 0xf84 fully unreadable
[0426/142728.283:ERROR:process_info.cc(625)] range at 0xfff4c000, size 0xf84 fully unreadable
[0816/115101.891:ERROR:prune_crash_reports.cc(35)] PruneCrashReportDatabase: Failed to get pending reports
